2022-10-18 11:24:42,617 INFO  [restartedMain] com.visionrent.VisionrentApplication:Starting VisionrentApplication using Java 11.0.15 on seyfullahs-MacBook-Air.local with PID 8410 (/Users/seyfullahkonukseven/IdeaProjects/visionrent/target/classes started by seyfullahkonukseven in /Users/seyfullahkonukseven/IdeaProjects/visionrent)
2022-10-18 11:24:42,619 DEBUG [restartedMain] com.visionrent.VisionrentApplication:Running with Spring Boot v2.7.4, Spring v5.3.23
2022-10-18 11:24:42,623 INFO  [restartedMain] com.visionrent.VisionrentApplication:No active profile set, falling back to 1 default profile: "default"
2022-10-18 11:24:42,836 INFO  [restartedMain] org.springframework.boot.devtools.env.DevToolsPropertyDefaultsPostProcessor:Devtools property defaults active! Set 'spring.devtools.add-properties' to 'false' to disable
2022-10-18 11:24:42,838 INFO  [restartedMain] org.springframework.boot.devtools.env.DevToolsPropertyDefaultsPostProcessor:For additional web related logging consider setting the 'logging.level.web' property to 'DEBUG'
2022-10-18 11:24:45,260 INFO  [restartedMain] org.springframework.data.repository.config.RepositoryConfigurationDelegate:Bootstrapping Spring Data JPA repositories in DEFAULT mode.
2022-10-18 11:24:45,340 INFO  [restartedMain] org.springframework.data.repository.config.RepositoryConfigurationDelegate:Finished Spring Data repository scanning in 72 ms. Found 1 JPA repository interfaces.
2022-10-18 11:24:46,524 INFO  [restartedMain] org.springframework.boot.web.embedded.tomcat.TomcatWebServer:Tomcat initialized with port(s): 8080 (http)
2022-10-18 11:24:46,541 INFO  [restartedMain] org.apache.catalina.core.StandardService:Starting service [Tomcat]
2022-10-18 11:24:46,541 INFO  [restartedMain] org.apache.catalina.core.StandardEngine:Starting Servlet engine: [Apache Tomcat/9.0.65]
2022-10-18 11:24:46,643 INFO  [restartedMain] org.apache.catalina.core.ContainerBase.[Tomcat].[localhost].[/]:Initializing Spring embedded WebApplicationContext
2022-10-18 11:24:46,644 INFO  [restartedMain] org.springframework.boot.web.servlet.context.ServletWebServerApplicationContext:Root WebApplicationContext: initialization completed in 3806 ms
2022-10-18 11:24:47,090 INFO  [restartedMain] org.hibernate.jpa.internal.util.LogHelper:HHH000204: Processing PersistenceUnitInfo [name: default]
2022-10-18 11:24:47,134 INFO  [restartedMain] org.hibernate.Version:HHH000412: Hibernate ORM core version 5.6.11.Final
2022-10-18 11:24:47,282 INFO  [restartedMain] org.hibernate.annotations.common.Version:HCANN000001: Hibernate Commons Annotations {5.1.2.Final}
2022-10-18 11:24:47,439 INFO  [restartedMain] com.zaxxer.hikari.HikariDataSource:HikariPool-1 - Starting...
2022-10-18 11:24:47,680 INFO  [restartedMain] com.zaxxer.hikari.HikariDataSource:HikariPool-1 - Start completed.
2022-10-18 11:24:47,696 INFO  [restartedMain] org.hibernate.dialect.Dialect:HHH000400: Using dialect: org.hibernate.dialect.PostgreSQL9Dialect
2022-10-18 11:24:48,441 INFO  [restartedMain] org.hibernate.engine.transaction.jta.platform.internal.JtaPlatformInitiator:HHH000490: Using JtaPlatform implementation: [org.hibernate.engine.transaction.jta.platform.internal.NoJtaPlatform]
2022-10-18 11:24:48,452 INFO  [restartedMain] org.springframework.orm.jpa.LocalContainerEntityManagerFactoryBean:Initialized JPA EntityManagerFactory for persistence unit 'default'
2022-10-18 11:24:49,062 WARN  [restartedMain] org.springframework.boot.autoconfigure.orm.jpa.JpaBaseConfiguration$JpaWebConfiguration:spring.jpa.open-in-view is enabled by default. Therefore, database queries may be performed during view rendering. Explicitly configure spring.jpa.open-in-view to disable this warning
2022-10-18 11:24:49,774 INFO  [restartedMain] org.springframework.boot.devtools.autoconfigure.OptionalLiveReloadServer:LiveReload server is running on port 35729
2022-10-18 11:24:49,780 INFO  [restartedMain] org.springframework.boot.actuate.endpoint.web.EndpointLinksResolver:Exposing 15 endpoint(s) beneath base path '/actuator'
2022-10-18 11:24:49,858 INFO  [restartedMain] org.springframework.boot.web.embedded.tomcat.TomcatWebServer:Tomcat started on port(s): 8080 (http) with context path ''
2022-10-18 11:24:49,885 INFO  [restartedMain] com.visionrent.VisionrentApplication:Started VisionrentApplication in 8.366 seconds (JVM running for 9.541)
2022-10-18 11:26:50,408 INFO  [SpringApplicationShutdownHook] org.springframework.orm.jpa.LocalContainerEntityManagerFactoryBean:Closing JPA EntityManagerFactory for persistence unit 'default'
2022-10-18 11:26:50,428 INFO  [SpringApplicationShutdownHook] com.zaxxer.hikari.HikariDataSource:HikariPool-1 - Shutdown initiated...
2022-10-18 11:26:50,445 INFO  [SpringApplicationShutdownHook] com.zaxxer.hikari.HikariDataSource:HikariPool-1 - Shutdown completed.
